Wed Jul 31 15:01:18 2019				Page     1


 
Update Symbols/Modules Logfile
	Wed Jul 31 15:01:18 2019

------ Module Refresh Messages ------

SUMMARY:    Updated 0 out of 0 modules

------ End Module Messages     ------



(---------------------------------------------------------------------)
(                                                                     )
(    Refresh Symbol                                                   )
(                                                                     )
(    Drawing          : DA_CONVERTER.brd                              )
(    Software Version : 17.2P019                                      )
(    Date/Time        : Wed Jul 31 15:01:18 2019                      )
(                                                                     )
(---------------------------------------------------------------------)


Wed Jul 31 15:01:18 2019				Page     1


------ Symbol Refresh Directives ------

Input design  = 'C:/USERS/USER/DESKTOP/WORK/DA_CONVERTOR/allegro/DA_CONVERTER.brd'
Output design = ''

Update mechanical symbols              = 'NO'
Update format symbols                  = 'NO'
Update package symbols                 = 'NO'
Update shape/flash symbols             = 'NO'
Update symbol padstacks                = 'NO'
Preserve padstacks replaced on pins    = 'NO'
Reset symbol text and size locations   = 'NO'
Reset Pin Escapes (fanouts)            = 'NO'
Ripup Etch                             = 'NO'
Reset custom drill data                = 'NO'
Symbol list file                       = 'C:/Users/user/AppData/Local/Temp/#Taaaaae08264.tmp'


------ Library Paths ------
PSMPATH =  . 
           symbols 
           .. 
           ../symbols 
           C:/Cadence/SPB_17.2/share/local/pcb/symbols 
           C:/Cadence/SPB_17.2/share/pcb/pcb_lib/symbols 
           C:/Cadence/SPB_17.2/share/pcb/allegrolib/symbols 
           C:/Users/user/Desktop/work/pcb_lib/psm/ 

PADPATH =  . 
           symbols 
           .. 
           ../symbols 
           C:/Cadence/SPB_17.2/share/local/pcb/padstacks 
           C:/Cadence/SPB_17.2/share/pcb/pcb_lib/symbols 
           C:/Cadence/SPB_17.2/share/pcb/allegrolib/symbols 
           C:/Users/user/Desktop/work/pcb_lib/pad/ 


------ Symbol Refresh Messages ------

'JUMPER2'  symbol refreshed successfully.


----- Symbol Update Summary ----

Updated symbols: 1 out 1
    Design updated.

